0.001088 0.470281
0.002857 2.080417
0.003169 2.181092
0.003748 0.427296
0.003007 2.351073
0.002000 2.734856
0.002718 0.197901
0.003477 2.238921
0.003718 2.576961
0.003344 2.287426
0.002477 1.111971
0.004637 0.585377
0.005898 1.421281
0.005237 2.208766
0.001197 2.434860
0.001935 0.197901
0.000557 0.877632
0.003641 3.504043
0.001631 1.928571
0.000102 0.063299
0.001600 0.197901
0.003115 0.624515
0.001605 2.529295
0.005660 4.813022
0.001908 1.339323
0.001709 0.617458
0.003508 1.396199
0.003621 0.885440
0.002842 4.813022
0.002770 1.213844
0.001854 0.197901
0.001130 2.762328
0.002383 0.399804
0.000792 1.567241
0.002601 0.197901
0.001747 0.738342
0.002189 2.677508
0.002075 1.070809
0.003167 4.813022
0.001145 1.054901
0.001842 3.751866
0.001044 0.942578
0.006031 3.337946
0.003792 1.047455
0.001237 2.448009
0.003793 2.878846
0.006547 1.456789
0.003198 2.735136
0.002467 1.111077
0.004485 3.435485
0.000941 0.031494
0.002401 0.015790
0.003155 1.510510
0.000022 1.219017
0.000841 0.898350
0.002617 4.417219
0.002157 0.362792
0.005141 3.458073
0.003940 0.122603
0.000343 1.901863
0.000546 1.523021
0.004229 2.548182
0.000663 4.417219
0.000381 2.878846
0.001038 1.892037
0.004006 3.013448
0.001542 0.762261
0.000507 3.839171
0.001632 2.029481
0.004424 3.392901
0.003277 3.964630
0.003445 0.725123
0.000837 0.682881
0.001853 3.607531
0.002326 1.919520
0.001570 2.224768
0.001372 1.589771
0.004487 2.265208
0.002619 1.433349
0.004150 2.109659
0.001480 0.725123
0.004824 4.417219
0.000801 0.492755
0.001247 2.595724
0.001483 4.635617
0.001350 1.687722
0.007600 3.568678
0.000385 4.761311
0.007730 2.045825
0.000607 2.571171
0.003524 0.951316
0.000189 1.817266
0.002098 2.498568
0.015740 0.800617
0.002249 2.584275
0.002917 0.518857
0.000450 2.453751
0.015910 2.799298
0.004269 2.168159
0.000542 1.285956
0.000206 0.951324
0.005249 4.237042
0.003519 1.644390
0.002522 2.099340
0.000576 1.956019
0.001728 2.444922
0.000608 2.151718
0.001100 0.876435
0.001401 0.647864
0.000845 0.098614
0.001267 4.803371
0.008587 0.722604
0.003862 0.768398
0.005632 4.223860
0.004651 0.296653
0.003128 1.969738
0.002898 5.491555
0.001584 1.111275
0.001924 0.721592
0.005075 1.152082
0.002403 2.447209
0.005253 3.110669
0.002692 4.803371
0.004606 5.147463
0.004622 0.519272
0.005848 2.317738
0.001697 0.188250
0.001606 3.004526
0.001967 2.581834
0.003533 4.803371
0.005226 0.876435
0.002912 0.719769
0.007621 2.372420
0.007065 4.238916
0.000582 0.005702
0.000893 0.623978
0.000378 1.474825
0.005243 1.497229
0.007929 4.803371
0.001601 2.327608
0.001603 5.349366
0.001309 2.753806
0.004472 2.839903
0.007089 2.185414
0.004381 1.726624
0.001851 0.898564
0.000598 1.989275
0.006842 1.829535
0.004078 0.006210
0.002016 1.558243
0.002642 1.060971
0.003174 1.243581
0.003152 3.617800
0.004063 0.792866
0.001279 1.267161
0.005292 4.426870
0.002418 4.426870
0.003453 1.731261
0.005115 2.357007
0.002616 2.510604
0.004697 1.350123
0.006713 0.013652
0.003112 3.050159
0.003798 4.476449
0.003879 2.291356
0.001193 4.426870
0.003058 1.619327
0.003817 1.285590
0.005352 4.117026
0.005466 0.762893
0.004074 0.224949
0.000965 0.410915
0.005565 5.115054
0.006927 2.928380
0.005237 2.650097
0.003529 1.870422
0.001882 4.426870
0.002499 0.391261
0.002600 1.286681
0.002295 1.944615
0.000057 0.280443
0.005611 0.265952
0.001802 4.426870
0.001904 0.263509
0.002033 3.929095
0.004181 1.707818
0.006307 3.493046
0.003385 2.741363
0.002252 1.473385
0.000819 0.155842
0.008372 1.586796
0.002365 0.476524
0.001631 2.412775
0.001292 5.115054
0.002584 1.350123
0.001822 2.368609
0.003042 4.560837
0.008407 2.634227
0.003274 2.703272
0.001148 2.281816
0.003470 0.541220
0.009105 1.281051
0.002314 4.807151
0.001515 1.778212
0.001655 4.807151
0.003126 4.807151
0.001244 1.252691
0.001688 0.192030
0.003857 1.397684
0.002241 0.051657
0.003527 1.171014
0.001558 3.964233
0.000095 0.192030
0.002988 1.386075
0.003907 5.495335
0.003493 1.458931
0.000907 1.885778
0.002473 0.019984
0.004948 1.075915
0.002371 0.120936
0.004295 0.899715
0.001214 0.233529
0.001694 4.807151
0.002235 4.807151
0.001434 0.704822
0.004365 2.701493
0.002412 0.912331
0.001662 4.807151
0.002283 0.091079
0.003113 0.536123
0.001069 0.816326
0.001366 1.295169
0.000159 1.071988
0.001796 0.977132
0.000349 0.261195
0.002571 0.091079
0.001969 4.807151
0.003566 2.190813
0.000918 0.192030
0.001918 0.648681
0.003932 1.255854
0.000425 1.067524
0.004760 4.807151
0.002936 1.203856
0.001318 2.823466
0.001781 4.807151
0.002334 2.351363
0.007035 1.900442
0.001760 0.114297
0.001419 0.797745
0.003164 0.565166
0.002277 5.723848
0.003864 0.993052
0.004761 0.381878
0.006509 1.249856
0.004942 2.066928
0.004771 6.716724
0.002107 4.423090
0.004833 1.891013
0.000529 3.248713
0.003070 1.211741
0.002218 4.423090
0.006681 4.423090
0.001974 1.667884
0.004913 2.287576
0.001730 3.057018
0.004024 1.356396
0.005897 3.923319
0.006007 1.785878
0.001531 1.752039
0.001656 2.324681
0.001238 5.111275
0.000898 4.423090
0.002257 0.949392
0.005830 1.381358
0.006252 2.130151
0.000622 0.228542
0.003156 1.050096
0.003588 1.501637
0.001995 0.193766
0.003790 0.496154
0.005365 0.868631
0.001983 2.260100
0.003814 2.258955
0.003579 7.186353
0.002090 3.211270
0.002417 3.545241
0.004491 1.218027
0.001549 8.325363
0.003815 1.196167
0.004030 4.423090
0.003843 1.068889
0.002437 2.830444
0.001638 1.051291
0.000809 0.447829
0.002376 5.112099
0.004339 1.759106
0.002072 1.653270
0.000594 1.884190
0.002065 1.323200
0.004042 1.223491
0.000821 4.423090
0.000860 0.436257
0.005846 2.729054
0.002756 1.518697
0.006359 1.395975
0.004265 0.707028
0.000502 0.873852
0.004563 2.963425
0.003747 3.944002
0.004107 4.423090
0.006005 1.842532
0.004842 2.808106
0.000105 1.126575
0.000161 4.423090
0.005001 1.585519
0.000406 1.870254
0.001655 4.776964
0.003662 0.161843
0.003647 4.013931
0.008113 0.161843
0.000885 0.925066
0.005351 0.299974
0.002441 5.465148
0.003968 2.064213
0.002019 1.382137
0.001730 1.811948
0.002735 1.700217
0.001274 2.960796
0.000274 1.042626
0.004662 4.776964
0.003189 2.354706
0.004679 1.500370
0.003111 2.476130
0.000371 1.315623
0.002195 1.700217
0.006438 4.776964
0.002209 1.732123
0.000378 3.467985
0.002926 0.094542
0.005374 1.392984
0.003444 0.363921
0.001095 2.214655
0.002049 0.517231
0.006869 0.081803
0.000705 1.699392
0.004401 0.564412
0.000378 3.772419
0.004326 2.064213
0.006081 0.061920
0.001977 1.799046
0.000954 0.161843
0.000126 0.752178
0.003494 2.813495
0.004769 1.632916
0.003792 0.148363
0.003394 1.893508
0.003913 4.776964
0.004050 1.759779
0.002927 0.952284
0.004868 4.776964
0.005393 0.161843
0.002283 6.378449
0.003366 0.801813
0.000010 3.584002
0.006493 2.290631
0.003279 3.793884
0.003417 0.337790
0.004170 0.699292
0.001190 3.010521
0.002384 4.453277
0.001570 0.979579
0.002433 4.267710
0.005041 1.546568
0.003476 0.845757
0.001944 2.487321
0.003968 4.371608
0.003095 0.182249
0.000516 3.643764
0.003951 1.398966
0.004879 1.826104
0.000486 4.453277
0.003024 0.930147
0.003515 2.509714
0.004263 2.129406
0.002741 0.294595
0.002467 0.288856
0.005023 3.278901
0.004960 0.033907
0.001896 1.376530
0.004395 1.826072
0.000010 3.928194
0.001285 4.243163
0.007385 3.982324
0.003742 3.706249
0.002923 3.834953
0.001979 2.892619
0.003236 3.794365
0.003338 3.241163
0.001336 1.210259
0.002854 4.793264
0.000355 0.682261
0.005734 1.289869
0.003775 2.462459
0.003419 8.747527
0.003455 4.453277
0.001174 3.971885
0.003339 2.209320
0.002173 3.667890
0.002688 2.887681
0.003511 0.326793
0.000968 3.437215
0.000401 1.729010
0.004126 2.396420
0.006134 1.472432
0.002450 0.785128
0.000024 1.282626
0.001755 2.418018
0.001509 4.098122
0.000622 1.729010
0.001455 4.805757
0.005720 0.190636
0.002042 2.307585
0.004111 1.729010
0.005607 2.498197
0.000517 0.751627
0.002641 0.534728
0.003554 2.498197
0.003032 2.154104
0.003158 1.282626
0.006380 5.606500
0.003439 0.190636
0.001888 4.324081
0.000762 1.046916
0.007061 2.822072
0.001815 0.837892
0.005111 0.390250
0.001150 0.933621
0.002070 0.534728
0.001367 5.950592
0.002726 2.498197
0.001602 4.090994
0.002959 3.037988
0.003402 1.005432
0.001121 0.495070
0.005983 1.139754
0.001650 2.561593
0.001006 1.729010
0.002840 5.149849
0.002730 0.755376
0.007133 0.498784
0.001394 5.112669
0.003261 2.042055
0.003175 1.095041
0.004553 2.898733
0.001911 4.424484
0.003154 4.198349
0.001473 0.663817
0.007559 1.577132
0.002500 1.714042
0.002948 2.159869
0.004286 1.851644
0.002256 3.270704
0.001080 3.422030
0.001943 0.941056
0.002085 4.424484
0.002618 1.347737
0.001789 1.540034
0.004309 3.115918
0.001665 4.424484
0.003163 2.633680
0.006224 2.277922
0.005926 4.621108
0.005006 2.288970
0.003294 5.086393
0.006066 1.279576
0.004314 1.529463
0.004231 7.123251
0.002670 2.461016
0.003309 1.570929
0.003926 0.106167
0.001991 2.901853
0.003942 3.115506
0.002990 2.634609
0.001437 1.347737
0.002803 1.711734
0.003679 2.162721
0.004109 4.272870
0.004205 0.520506
0.002956 0.153456
0.001282 0.996794
0.005005 3.679567
0.005057 2.052431
0.003992 3.135410
0.002107 1.073475
0.005039 1.950572
0.006160 2.591048
0.004111 2.461634
0.002449 1.665464
0.002857 3.223703
0.003503 2.129937
0.004123 2.223960
0.003191 4.822013
0.002820 2.141806
0.004188 4.822013
0.001762 3.782396
0.002768 4.822013
0.004452 0.470679
0.002534 0.176110
0.004212 3.335686
0.000297 4.822013
0.003687 1.286477
0.001851 1.681497
0.000975 1.069992
0.002540 4.822013
0.001966 0.551603
0.002705 5.511434
0.005758 1.073162
0.000005 0.794235
0.004618 3.283640
0.002778 0.062226
0.001089 2.170410
0.001553 1.129917
0.004585 2.133702
0.003653 3.112794
0.003751 2.514453
0.000479 0.436288
0.002614 1.745266
0.003321 3.202637
0.001412 0.702011
0.001913 0.206893
0.002217 3.283640
0.003629 3.894646
0.003410 3.101185
0.001853 0.708216
0.002692 0.961909
0.001073 2.514453
0.002289 1.433393
0.002489 1.745266
0.005261 0.206893
0.002806 2.308221
0.002660 0.206893
0.000934 1.745266
0.001277 0.206893
0.004944 1.947621
0.001473 3.283640
0.002780 0.497574
0.003962 2.332366
0.001997 0.112100
0.003190 1.060008
0.003089 2.736172
0.000107 1.521687
0.002133 2.100667
0.001892 0.655717
0.002490 3.329468
0.001728 1.575584
0.004335 1.635116
0.000096 1.018600
0.005660 0.586482
0.003637 4.928429
0.009547 2.100667
0.002254 4.408228
0.004014 1.654379
0.000299 0.060021
0.006486 1.834162
0.002679 1.564885
0.006223 0.706408
0.004709 1.927015
0.000386 1.299925
0.004745 1.695477
0.004497 4.408228
0.002274 1.377367
0.002179 1.793127
0.002580 0.251897
0.001840 0.934529
0.002825 3.355399
0.002867 2.107203
0.002156 5.757611
0.002867 0.923733
0.000876 2.610710
0.000667 4.656524
0.003455 0.015629
0.001583 2.325231
0.000777 0.447185
0.003056 0.471187
0.002864 6.446865
0.002697 4.752320
0.002546 4.853271
0.005592 2.218305
0.002010 0.761907
0.002560 1.394593
0.002896 0.438209
0.000210 2.035567
0.002946 2.013405
0.002926 0.157104
0.002168 2.191808
0.003540 4.667025
0.003845 0.818133
0.003913 1.033382
0.004231 1.835311
0.003163 0.039818
0.004198 3.917388
0.001168 0.177455
0.004109 3.031010
0.001303 1.375552
0.000681 0.541452
0.005481 1.100479
0.001677 4.792576
0.001659 3.731915
0.006500 3.031010
0.002210 0.177455
0.003430 0.177455
0.003996 2.829108
0.003612 4.792576
0.002394 2.262494
0.003715 3.031010
0.005525 3.024808
0.001333 0.214563
0.001876 0.436452
0.001802 3.054356
0.002608 0.585781
0.002185 0.429547
0.003649 2.728130
0.003433 2.854978
0.001567 0.260102
0.007343 1.290093
0.004460 0.531422
0.004586 0.177455
0.000885 0.309704
0.003512 2.485016
0.000366 3.722910
0.003908 4.792576
0.003781 2.765374
0.001683 1.250246
0.006836 3.618199
0.000413 1.825536
0.001594 3.024808
0.005066 0.679080
0.003702 1.040145
0.002468 0.945947
0.003507 0.577827
0.006034 4.792576
0.000606 1.360918
0.001650 0.283555
0.001917 5.125850
0.005004 0.699472
0.002828 1.664870
0.004727 0.325849
0.005991 1.249322
0.004248 1.131276
0.003806 1.360918
0.004743 2.669897
0.001141 1.969760
0.002678 4.234322
0.006393 1.555220
0.003237 1.755823
0.001223 1.360918
0.003828 1.590313
0.002755 0.089904
0.000306 1.474719
0.004247 0.657157
0.002861 0.510729
0.005512 0.076952
0.002193 4.437665
0.002079 4.437665
0.001980 2.899292
0.000124 0.591731
0.006623 3.627977
0.001800 1.960156
0.003563 1.320417
0.004138 4.437665
0.000690 0.232625
0.002437 0.007347
0.003007 1.674664
0.001910 0.681853
0.002192 0.587089
0.003048 3.814356
0.001969 0.481848
0.004237 2.089893
0.001407 1.806230
0.004185 1.686322
0.006940 0.153067
0.003741 0.510729
0.002585 2.130105
0.005456 2.269672
0.003832 1.682958
0.003999 4.437665
0.000968 4.158913
0.000848 3.210334
0.001504 3.128686
0.006092 4.437665
0.004806 5.137752
0.001615 1.337673
0.003450 1.360918
0.002802 5.125850
0.002970 0.691655
0.001989 1.334542
0.002310 1.426241
0.003022 1.707438
0.001713 4.809515
0.004119 2.396477
0.000719 0.740389
0.001928 0.022348
0.003507 0.423789
0.002122 2.026594
0.003236 3.961452
0.002855 2.294040
0.003454 0.081836
0.002869 1.367671
0.001058 1.117418
0.003918 4.809515
0.005107 1.520800
0.002425 5.497699
0.014034 0.275741
0.000969 5.355510
0.003035 1.732768
0.001982 2.702621
0.017128 4.809515
0.002757 2.556378
0.003438 1.665467
0.002771 1.948167
0.007220 4.173613
0.003126 1.732768
0.003472 0.194394
0.006875 1.257679
0.000668 0.742593
0.001079 3.668093
0.001806 0.106379
0.006424 1.764674
0.001276 0.789242
0.003110 1.175026
0.003738 1.807440
0.000905 0.194394
0.002060 0.653184
0.002809 1.732768
0.016323 2.667074
0.004250 0.194394
0.004475 1.513000
0.004533 5.038909
0.004682 4.981561
0.002041 1.145803
0.002406 2.836464
0.001326 1.962162
0.003470 3.362923
0.002852 3.352216
0.003696 1.411280
0.002100 1.348834
0.003307 0.552176
0.003457 0.184817
0.002064 4.420726
0.004690 0.381886
0.003629 1.506365
0.001331 0.024004
0.005423 0.110040
0.002231 2.177642
0.000459 2.882353
0.003732 2.457258
0.003443 0.464909
0.007125 4.210090
0.003981 3.391050
0.002054 0.718907
0.000182 1.343979
0.015832 1.372664
0.003826 3.859468
0.000679 1.031099
0.000802 0.935894
0.001162 4.650121
0.003144 3.079184
0.000054 1.476142
0.003175 0.983669
0.008466 2.113166
0.000073 1.343979
0.001156 0.493790
0.001977 0.892789
0.001016 1.640675
0.005306 2.538288
0.004162 3.102522
0.001482 1.514017
0.003589 3.659713
0.004461 3.264793
0.000747 0.787251
0.003777 1.108555
0.003228 0.493790
0.004030 2.285212
0.002679 0.363264
0.004132 0.113121
0.000516 0.496262
0.006442 0.807438
0.002259 4.420726
0.004166 1.035741
0.003472 0.375008
0.003507 2.115951
0.001401 4.420726
0.003656 1.128990
0.005713 1.343979
0.002496 0.622601
0.002439 3.833369
0.001312 1.004398
0.003785 5.108911
0.002863 0.663774
0.000907 4.798251
0.002678 0.726077
0.004984 3.050181
0.003955 2.450965
0.003719 4.798251
0.002320 2.920354
0.001377 3.958115
0.006149 1.838802
0.000406 2.442089
0.005153 1.705303
0.002878 2.692593
0.004969 2.146598
0.001482 1.501736
0.004059 0.183130
0.001172 0.183130
0.000118 2.834783
0.004729 1.020030
0.005235 4.798251
0.003642 3.366268
0.001167 3.489272
0.002579 1.545811
0.002059 1.964039
0.004080 1.275120
0.001630 0.011084
0.001791 3.490096
0.003359 2.995364
0.002899 0.292602
0.003321 4.798251
0.005617 5.766944
0.001353 3.623874
0.000763 0.183130
0.002006 1.265250
0.002904 5.486435
0.002169 0.636233
0.002161 0.183130
0.005501 3.355702
0.000165 1.598971
0.001315 1.126815
0.004595 3.881075
0.002001 3.489272
0.003139 0.952317
0.005520 1.327965
0.001855 4.431990
0.002227 1.421532
0.004517 1.153299
0.003321 0.770464
0.000985 2.119938
0.002685 1.355243
0.008739 5.180740
0.004958 2.483232
0.005835 0.730955
0.001943 1.360029
0.002576 1.027154
0.003342 2.570299
0.003772 0.798604
0.001464 0.737957
0.005212 0.362865
0.003572 4.956630
0.001695 1.214378
0.006063 3.551052
0.000171 1.371697
0.002499 2.651585
0.004211 4.776082
0.002783 0.083784
0.003323 4.431990
0.002796 0.160962
0.001095 1.037164
0.003824 0.607538
0.003293 3.646603
0.006545 0.634277
0.004367 0.693723
0.001455 0.700754
0.004866 3.276228
0.002830 3.292637
0.001727 2.239127
0.002696 1.525281
0.003690 1.780338
0.002595 1.863084
0.002921 0.393258
0.005726 0.198481
0.000850 0.625993
0.003885 1.655399
0.003846 0.505054
0.003020 5.122237
0.005582 1.078142
0.004646 1.094687
0.004714 0.160962
0.002209 0.172300
0.004478 0.536297
0.003567 4.787421
0.004868 1.112685
0.002093 0.551547
0.002541 1.008788
0.000120 1.037954
0.002003 4.787421
0.001442 2.482853
0.005925 0.631518
0.004033 1.646904
0.000134 0.577490
0.000635 4.787421
0.002078 0.580266
0.003574 5.151417
0.005887 1.362051
0.004718 5.881613
0.001115 0.610677
0.000089 1.652587
0.007361 2.976830
0.002409 0.887069
0.001649 0.528110
0.003915 0.733291
0.004360 0.063963
0.002860 5.224216
0.007207 1.279767
0.000229 1.327181
0.007420 2.761476
0.002925 4.787421
0.001214 1.140994
0.001223 0.309937
0.002080 0.981988
0.003510 0.551547
0.000220 2.407529
0.002260 1.895898
0.004526 0.172300
0.001239 1.529808
0.002794 1.236595
0.003573 5.879410
0.000287 0.402107
0.003196 0.516392
0.006837 1.940068
0.001850 0.172300
0.002400 0.528869
0.002175 0.177660
0.004457 6.975805
0.002790 1.710674
0.016004 0.172300
0.004868 4.787421
0.003559 1.480455
0.002681 2.460708
0.000758 0.851370
0.005130 1.780005
0.000747 1.251376
0.005237 0.184998
0.001663 3.289040
0.004374 1.727553
0.002551 4.442821
0.001205 1.791168
0.002203 2.428063
0.001316 3.756370
0.002533 0.791876
0.000409 0.974615
0.006230 2.146967
0.009037 4.442821
0.000049 3.268444
0.004186 0.417231
0.001478 5.131005
0.004403 1.025187
0.002131 2.431956
0.002974 1.504670
0.002000 1.263649
0.003538 3.640801
0.004773 4.442821
0.003242 0.057095
0.001644 4.442821
0.002533 2.289582
0.001622 1.811385
0.003125 4.203617
0.003045 2.179474
0.002726 1.811385
0.003692 1.596292
0.003795 0.269848
0.002883 0.546192
0.002354 4.786913
0.002137 3.565046
0.004739 1.302866
0.001629 0.057095
0.005922 0.634867
0.000855 0.987647
0.005868 0.524205
0.002449 0.981480
0.003868 0.888361
0.003127 0.168810
0.001988 3.133842
0.003990 0.462098
0.003014 1.878865
0.002186 0.100697
0.002201 3.371090
0.006193 2.135260
