0.000052 0.000000
0.000082 0.000000
0.001771 0.000000
0.003730 0.311213
0.000387 0.000000
0.000390 0.000000
0.001879 5.614517
0.002333 5.614517
0.000572 0.311213
0.000384 0.311213
0.005187 4.926333
0.004531 0.000000
0.000176 0.000000
0.000599 0.000000
0.000405 4.303908
0.001443 4.303908
0.001154 4.303908
0.003093 0.000000
0.000272 0.000000
0.004632 0.000000
0.001663 0.000000
0.001101 0.000000
0.001821 0.000000
0.001507 0.000000
0.000111 4.303908
0.000983 0.000000
0.000872 0.000000
0.000078 0.000000
0.000025 0.000000
0.002457 0.000000
0.002096 0.000000
0.001848 0.261758
0.000639 0.261758
0.000526 0.000000
0.000042 0.261758
0.002291 0.000000
0.000580 3.932997
0.001867 0.000000
0.000309 0.000000
0.001693 0.000000
0.003474 4.353362
0.000528 0.000000
0.000403 0.000000
0.001200 0.000000
0.002479 0.000000
0.001357 0.240054
0.001761 0.000000
0.000711 5.084569
0.002561 0.000000
0.002227 0.000000
0.001553 0.240054
0.001043 0.000000
0.001248 4.375066
0.002274 0.469965
0.001286 0.000000
0.001427 0.000000
0.002250 0.000000
0.000954 0.000000
0.003916 2.025237
0.001644 1.795842
0.002234 0.000000
0.001336 0.000000
0.001478 4.970901
0.000052 0.000000
0.000176 0.000000
0.000415 0.000000
0.002037 2.565029
0.001610 0.000000
0.000675 4.872589
0.000119 0.257468
0.000765 0.000000
0.000397 0.000000
0.000713 2.050092
0.002698 5.045837
0.001311 4.357652
0.000309 4.357652
0.000074 0.000000
0.000585 0.000000
0.000841 0.896312
0.001220 4.630650
0.001301 1.280905
0.001979 0.000000
0.002582 0.000000
0.000492 4.357652
0.003895 0.000000
0.001761 4.853532
0.000663 0.000000
0.001996 0.238411
0.000641 0.238411
0.000905 0.000000
0.001203 0.000000
0.000543 4.376709
0.001105 4.376709
0.002012 0.000000
0.002296 2.838336
0.000046 0.000000
0.000694 0.000000
0.001781 0.000000
0.000522 0.000000
0.001365 0.000000
0.000197 0.000000
0.000572 0.000000
0.000014 1.070568
0.000152 0.000000
0.002526 4.926333
0.000303 0.000000
0.003743 4.926333
0.000715 0.000000
0.001978 4.926333
0.000504 0.000000
0.001377 0.000000
0.000202 2.078981
0.000536 0.000000
0.000325 0.000000
0.000033 0.000000
0.000550 0.000000
0.000362 0.000000
0.000609 4.303908
0.000664 4.303908
0.000388 4.303908
0.000154 0.000000
0.001996 0.000000
0.000242 0.000000
0.000979 0.000000
0.000382 0.000000
0.000445 0.240590
0.000819 5.543895
0.000799 0.000000
0.002991 5.543895
0.000910 0.000000
0.002693 4.374530
0.000042 0.000000
0.000982 0.000000
0.002007 0.000000
0.000001 4.374530
0.000211 0.000000
0.000188 0.000000
0.001717 0.000000
0.002624 4.374530
0.001816 0.000000
0.000636 0.000000
0.000586 4.374530
0.002556 0.000000
0.001202 0.000000
0.000526 0.000000
0.000932 0.253091
0.002402 0.253091
0.001306 0.253091
0.003112 0.000000
0.001443 0.253091
0.001743 4.954234
0.001323 0.000000
0.000366 0.000000
0.000062 0.000000
0.001349 4.362030
0.003144 4.362030
0.001118 4.362030
0.001894 0.000000
0.000276 0.000000
0.001566 0.000000
0.001862 4.362030
0.000164 0.000000
0.000627 0.000000
0.002793 0.000000
0.001483 0.000000
0.000164 4.876243
0.000396 0.000000
0.003489 6.946984
0.001913 0.000000
0.003981 2.568683
0.005646 0.000000
0.001931 0.261123
0.000614 0.261123
0.001608 0.000000
0.001143 0.000000
0.000259 0.000000
0.000644 0.000000
0.000583 0.000000
0.002134 2.107171
0.000327 0.000000
0.001564 0.000000
0.000903 0.000000
0.000347 4.353998
0.000213 0.000000
0.000283 0.000000
0.000504 4.353998
0.001537 0.000000
0.000438 0.000000
0.000701 0.000000
0.000571 0.000000
0.000952 4.860955
0.001081 0.245835
0.000280 0.245835
0.000569 0.000000
0.001851 0.000000
0.000261 0.000000
0.001983 5.549140
0.000466 0.000000
0.001349 1.784208
0.000523 0.000000
0.000613 0.000000
0.000607 2.229520
0.000627 5.549140
0.000267 0.000000
0.000107 0.000000
0.001929 0.000000
0.001288 0.000000
0.001662 0.000000
0.001433 4.369286
0.000427 0.000000
0.002704 0.000000
0.000849 0.000000
0.002315 0.000000
0.000333 4.369286
