0.000052 2.367728
0.001202 0.062043
0.000711 1.822610
0.003730 2.290054
0.000583 1.663790
0.002446 1.358271
0.000572 1.773272
0.000408 0.004001
0.005187 0.620732
0.004531 0.000000
0.000176 3.290651
0.000599 4.417219
0.002022 1.576227
0.000689 4.813022
0.001365 5.157114
0.000011 1.349266
0.000337 3.274648
0.004632 4.813022
0.000570 2.505461
0.000111 0.774791
0.000872 4.426870
0.001385 2.321213
0.002096 4.872739
0.002360 3.149371
0.001848 0.604690
0.001199 2.827270
0.000639 1.579518
0.000235 0.084573
0.000948 2.347635
0.001113 3.420676
0.002291 4.426870
0.000580 2.653722
0.000309 2.495811
0.001693 2.880404
0.000612 2.495811
0.003474 2.530573
0.001357 0.160592
0.001761 2.520720
0.000711 2.600939
0.002227 4.423090
0.001553 2.212407
0.001427 3.187775
0.001807 1.959799
0.002250 0.738025
0.000436 2.892327
0.000954 0.192030
0.001644 0.771003
0.002234 0.991937
0.002537 4.674904
0.000176 2.145717
0.000415 2.469323
0.002037 2.332850
0.001224 1.927902
0.001610 0.000000
0.000119 1.646904
0.001089 2.811756
0.000765 0.000000
0.000397 1.659715
0.000713 0.163311
0.000642 0.931030
0.001311 0.466277
0.001334 2.813495
0.000185 0.567033
0.001357 0.629051
0.000152 0.931030
0.001979 1.016154
0.004040 1.453285
0.002582 3.066617
0.000492 1.245341
0.003895 4.424484
0.000329 3.115506
0.001761 4.546922
0.000100 2.144022
0.000372 0.436210
0.000663 2.633680
0.001996 1.633225
0.000641 4.424484
0.002417 3.965143
0.002012 5.351752
0.002296 0.292764
0.001636 4.520582
0.001781 1.344416
0.001894 0.453267
0.000067 1.705866
0.000197 0.000000
0.000572 0.473884
0.000152 0.190636
0.002526 2.444760
0.005555 1.257266
0.000169 2.705881
0.001978 0.251106
0.001377 2.984552
0.000084 1.177643
0.000325 0.206893
0.000374 0.951569
0.000609 0.341495
0.000388 1.761044
0.000154 1.974661
0.001259 2.998800
0.001996 0.826330
0.000242 0.089459
0.000668 2.561151
0.000382 0.000000
0.000543 2.729254
0.002001 2.575148
0.000657 1.486814
0.002991 2.889107
0.002693 1.178025
0.000042 0.000000
0.001142 4.792576
0.000188 0.000000
0.001717 2.140923
0.002624 2.485016
0.001816 1.276091
0.001864 1.918243
0.000636 4.005050
0.000526 1.580652
0.001016 0.842269
0.000932 2.113166
0.002402 3.610346
0.003112 1.343979
0.000961 0.049365
0.001743 0.797448
0.001233 0.176250
0.000062 2.384216
0.003144 0.179024
0.001894 0.194394
0.001566 0.012396
0.000164 5.497699
0.001483 4.809515
0.003489 2.189166
0.001913 1.800555
0.000341 0.859691
0.005646 1.438228
0.001931 1.208261
0.000614 2.797792
0.002014 0.970959
0.000110 0.646125
0.001143 5.120175
0.000583 4.431990
0.002134 0.349721
0.003966 1.411486
0.002056 2.468522
0.000327 0.000000
0.003070 3.489272
0.000347 0.181894
0.000504 0.000000
0.003191 0.182636
0.001537 2.490691
0.000952 4.442821
0.000569 1.339566
0.001983 0.287314
0.000523 2.479352
0.000613 0.750724
0.000627 0.239093
0.001536 0.974340
0.000267 0.985851
0.000202 4.787421
0.001290 4.787421
0.000107 4.787421
0.001929 0.000000
0.001288 0.342428
0.001433 0.654198
0.000427 4.787421
0.002704 1.584226
0.002315 3.019652
0.000333 4.787421
