0.000162 1.340472
0.005477 0.863254
0.003375 0.961496
0.002953 2.339466
0.001271 1.407773
0.001982 0.420545
0.003725 0.953447
0.001633 1.567386
0.001324 1.741964
0.000359 1.074586
0.001532 2.316609
0.004039 4.417219
0.001862 0.260888
0.004819 1.349482
0.004924 0.000000
0.002707 2.392488
0.005610 1.259772
0.003385 4.417219
0.001864 1.083253
0.006336 4.705317
0.004146 0.432755
0.001093 0.000000
0.001381 0.840159
0.001476 1.570691
0.004716 0.854928
0.000251 2.109659
0.003636 2.526938
0.004430 1.704469
0.004794 0.565245
0.000827 4.417219
0.000100 0.135118
0.003388 1.213828
0.000951 3.981976
0.005351 0.663019
0.002392 4.417219
0.002733 0.145797
0.007322 3.694991
0.000442 1.965670
0.003823 2.849554
0.004347 3.781104
0.001342 2.181586
0.003444 0.886086
0.000457 0.000000
0.000885 0.561898
0.004405 0.262623
0.005030 7.001406
0.001920 0.060264
0.000015 4.813022
0.004038 0.223822
0.002568 0.197901
0.002406 0.340900
0.010931 0.197901
0.002934 5.157114
0.005720 0.000000
0.001068 0.299177
0.002286 3.782024
0.001755 0.025855
0.001709 0.296213
0.002202 0.777054
0.000261 4.813022
0.003255 0.197901
0.004510 0.197901
0.004961 0.000000
0.003204 6.750409
0.005204 0.725051
0.003763 0.019343
0.000155 1.350123
0.000295 4.426870
0.000822 1.972094
0.000908 0.000000
0.000656 6.364257
0.003114 0.459005
0.003286 0.965530
0.000472 2.463402
0.003824 1.143466
0.001316 4.119703
0.001332 0.884227
0.002122 0.580936
0.000337 0.000000
0.000584 2.632895
0.000201 0.338035
0.002588 2.580822
0.003675 0.000000
0.000323 0.041144
0.002631 0.522026
0.004386 2.119310
0.001072 0.933731
0.002547 1.569530
0.003526 0.000000
0.001650 1.350123
0.000892 0.793484
0.000991 1.475917
0.000022 0.513459
0.003814 0.677711
0.007724 0.342606
0.002985 4.803371
0.001501 1.948166
0.006599 0.578449
0.002275 0.188250
0.000685 0.188250
0.002586 0.400218
0.002075 0.734245
0.002314 4.803371
0.003806 0.156516
0.004606 2.056619
0.001030 0.000000
0.004339 2.495811
0.003682 2.323456
0.001965 0.806575
0.015660 5.032155
0.002773 3.104770
0.017349 2.271491
0.003757 0.000000
0.005226 0.041227
0.005013 1.423333
0.002101 0.073553
0.003032 1.183988
0.004319 2.792506
0.005992 2.003926
0.003226 4.293257
0.000517 0.727386
0.005915 0.940111
0.003830 0.670185
0.001966 4.263579
0.000990 0.417645
0.002741 2.363136
0.000968 0.188250
0.003726 1.058474
0.002756 0.137905
0.005306 1.714002
0.002380 0.000000
0.006283 2.661525
0.000655 1.211741
0.002725 1.144298
0.003640 0.512596
0.005971 2.149035
0.000029 1.012128
0.003903 4.767182
0.002373 2.850134
0.005162 2.874292
0.002842 0.524959
0.001975 0.716374
0.003843 4.423090
0.003316 0.000000
0.004541 4.423090
0.003281 1.346343
0.003883 1.087689
0.004035 1.305842
0.002326 0.730994
0.001640 0.000000
0.002886 1.271255
0.006498 4.423090
0.003419 0.037364
0.001907 4.423090
0.007654 0.000000
0.000432 2.401425
0.000558 4.423090
0.001766 0.000000
0.002526 0.243216
0.005092 4.423090
0.001326 0.691854
0.001102 3.269310
0.002153 1.135961
0.002909 0.496154
0.003051 2.416434
0.002065 1.305842
0.000807 2.459622
0.005263 1.493759
0.002980 3.553814
0.004260 2.459622
0.002320 1.056579
0.002554 0.037364
0.008033 0.000000
0.002201 0.661928
0.002494 4.807151
0.002565 1.767511
0.001281 1.471089
0.005133 0.556397
0.003421 2.259896
0.003526 1.730404
0.003483 0.321715
0.008021 0.000000
0.004112 0.421425
0.000674 0.057429
0.000103 1.319586
0.002932 0.543904
0.002843 0.993379
0.001322 2.499591
0.004434 0.260191
0.002103 0.000000
0.002305 2.499591
0.003982 0.880215
0.001331 1.129742
0.002141 1.001718
0.005053 1.284020
0.003237 3.548930
0.002221 0.119219
0.000839 2.685509
0.000913 0.195891
0.004310 0.131264
0.002158 0.054797
0.003937 0.362842
0.003082 1.508075
0.006024 1.754552
0.006626 0.617781
0.003013 1.619684
0.000760 0.387216
0.004804 0.761181
0.001418 1.300066
0.004499 0.751458
0.001930 4.453277
0.001918 2.224157
0.002718 0.700717
0.003962 4.453277
0.002032 2.317763
0.001910 0.250901
0.006793 0.334252
0.001311 1.599722
0.000341 0.240177
0.001701 4.453277
0.003528 0.991937
0.004523 0.000000
0.003574 0.000000
0.002482 2.317763
0.000646 2.691712
0.000867 1.756033
0.005933 1.740527
0.002526 0.449163
0.001211 4.453277
0.002167 2.289143
0.002401 2.489809
0.003039 1.251422
0.000360 1.384026
0.002286 0.931030
0.003075 4.776964
0.000960 4.776964
0.001865 1.307392
0.000326 2.469403
0.004686 0.000000
0.003511 4.776964
0.001769 3.066041
0.005590 0.652710
0.001361 3.125428
0.000444 4.776964
0.006118 4.949010
0.001811 2.930915
0.001545 2.425815
0.005108 0.411250
0.004218 3.359490
0.008120 0.161843
0.002677 0.919458
0.002187 0.701037
0.004747 2.469403
0.003023 0.866469
0.003345 1.750346
0.003204 0.184004
0.000167 0.161843
0.003061 0.161843
0.002550 1.937142
0.005278 1.211998
0.000456 0.488058
0.001231 0.351160
0.003156 4.424484
0.002139 2.483386
0.000960 4.424484
0.000134 2.734839
0.002213 0.000000
0.001656 0.472277
0.001800 2.853870
0.000022 1.824598
0.002870 2.886111
0.002115 0.000000
0.001059 3.025241
0.004196 0.562772
0.000889 1.171903
0.002011 3.138064
0.003003 4.424484
0.003908 2.886111
0.001332 1.655412
0.001566 1.145793
0.004052 3.056207
0.004739 0.732388
0.003563 0.404041
0.001911 3.830891
0.002572 0.000000
0.004211 0.963144
0.004554 1.811544
0.002233 1.009848
0.000266 2.318827
0.003509 4.424484
0.000987 3.442750
0.011117 0.000000
0.000306 0.963144
0.003221 1.079529
0.004378 0.000000
0.001791 2.262070
0.002522 3.881317
0.000380 2.015973
0.004417 0.000000
0.004534 4.424484
0.002436 0.632522
0.001216 0.601595
0.001808 0.157023
0.000591 4.653879
0.005798 4.653879
0.000439 3.298054
0.004205 1.314797
0.001506 0.732388
0.001334 0.586475
0.000172 2.498197
0.003663 1.176046
0.000990 2.741311
0.016167 1.487152
0.003660 4.805757
0.003272 0.190636
0.003049 1.516463
0.000901 2.154104
0.005136 4.805757
0.004100 1.729010
0.000524 0.771744
0.003365 1.607554
0.003262 0.190636
0.005280 2.670243
0.001942 2.150951
0.003375 1.955923
0.000286 2.244043
0.005611 3.267383
0.001889 4.805757
0.003633 1.403998
0.000343 0.696758
0.004872 0.749985
0.002286 1.809859
0.006534 2.498197
0.006393 1.578574
0.002714 1.269396
0.003957 1.183792
0.006769 3.479931
0.003974 0.501581
0.001798 0.951107
0.002181 4.805757
0.001573 0.878821
0.002505 4.408228
0.000463 1.521687
0.001969 3.769833
0.002903 1.036741
0.001241 4.408228
0.005920 4.408228
0.005005 2.430319
0.012608 0.812675
0.000675 0.618988
0.002596 0.415179
0.004151 5.096412
0.002198 0.635370
0.001550 0.673890
0.002954 2.751651
0.005023 0.393126
0.002807 4.408228
0.001576 1.601071
0.002955 1.331481
0.006235 5.096412
0.004467 2.885151
0.000650 0.539678
0.004583 0.000000
0.001801 4.408228
0.001396 1.615017
0.004398 4.408228
0.000557 6.943832
0.003107 1.559028
0.001387 0.433684
0.003995 0.086686
0.009364 0.000000
0.001012 0.000000
0.001056 2.344426
0.005674 0.137199
0.002691 2.405101
0.004799 4.408228
0.008648 0.412055
0.001306 2.666354
0.017220 2.139994
0.003548 3.518147
0.004531 0.827613
0.001380 0.206893
0.002732 2.170361
0.000406 0.151720
0.001875 2.412308
0.003802 1.743124
0.006103 2.514453
0.005259 0.206893
0.002995 0.642058
0.003994 2.514453
0.002266 7.585277
0.002098 0.550985
0.002019 3.283640
0.000415 5.510198
0.003070 0.069256
0.006024 1.226113
0.006655 0.346738
0.001198 0.206893
0.001931 0.550985
0.005270 0.000000
0.007910 0.000000
0.007363 0.570889
0.002537 0.768617
0.002582 0.762012
0.002050 4.822013
0.001730 0.206893
0.003062 0.525714
0.005300 1.830004
0.003183 1.124139
0.003652 0.341495
0.004082 0.000000
0.005600 1.132348
0.000418 2.826754
0.000400 0.964508
0.001987 1.660790
0.000038 0.740721
0.000744 0.292916
0.000072 0.740721
0.000196 2.201200
0.002988 0.399744
0.002235 0.051939
0.003926 4.437665
0.002047 2.130105
0.001816 4.437665
0.003243 2.273530
0.001602 1.064222
0.008803 0.326807
0.002947 1.613475
0.004430 0.448874
0.001017 2.130105
0.007928 4.437665
0.002156 0.076855
0.001817 0.000000
0.000888 1.750549
0.000864 0.000000
0.002398 0.605188
0.004416 0.000000
0.002714 1.097522
0.004747 0.542998
0.003389 0.000000
0.001516 0.827090
0.002911 5.238408
0.003981 0.599532
0.002306 0.000000
0.002351 4.437665
0.002470 4.437665
0.004198 0.884944
0.003085 0.219204
0.004870 1.205523
0.004841 4.437665
0.003750 0.000000
0.002256 1.275899
0.007419 0.000000
0.002384 0.109396
0.005576 1.391775
0.003038 2.591617
0.005037 2.586755
0.002026 2.478874
0.001093 2.079825
0.006474 0.177455
0.004006 0.196407
0.000379 4.792576
0.000304 1.586194
0.013880 4.992762
0.001431 1.978975
0.002434 0.858105
0.002794 2.114385
0.001401 0.146558
0.003668 2.312351
0.001397 1.058238
0.002690 0.610991
0.006688 0.498146
0.002500 0.636245
0.004497 2.949769
0.002534 2.485016
0.002569 0.668651
0.004201 0.828590
0.001129 1.486434
0.002369 1.586978
0.001574 2.485016
0.002987 0.131357
0.000364 4.792576
0.001687 4.792576
0.004864 3.348340
0.003726 3.266946
0.003359 0.967103
0.002926 0.970616
0.004216 4.420726
0.002288 3.218884
0.004339 3.392553
0.004086 4.036397
0.002850 0.000000
0.001673 0.923948
0.003613 2.561991
0.005433 1.881827
0.001486 4.519038
0.004143 0.590993
0.001385 4.420726
0.001110 0.798118
0.003408 2.882353
0.002982 0.000000
0.001247 4.420726
0.001160 1.912797
0.004774 1.343979
0.001377 1.529701
0.002210 2.974843
0.000686 0.000000
0.000697 6.246545
0.001733 1.172635
0.000668 1.295619
0.002697 1.059871
0.001207 4.420726
0.000673 1.351205
0.002173 2.776079
0.002839 2.574678
0.004782 2.395154
0.001624 4.420726
0.003408 1.075600
0.007971 2.356925
0.005929 0.092457
0.002738 0.016244
0.002411 2.997050
0.002605 0.194394
0.003278 0.000000
0.003406 1.718473
0.003842 0.021730
0.000190 0.012396
0.003902 1.732768
0.003412 0.624908
0.004137 5.038909
0.003047 0.543003
0.001069 4.809515
0.003348 5.497699
0.001582 0.624908
0.001230 0.723175
0.000324 0.652948
0.006443 0.787374
0.001251 1.503373
0.001692 0.853697
0.001589 1.962162
0.016661 1.116150
0.000061 4.809515
0.003274 1.732768
0.002230 0.131607
0.003253 0.723225
0.004951 2.846047
0.002701 1.502961
0.001556 1.348174
0.004034 2.438267
0.005019 0.589714
0.005459 0.960635
0.001981 1.004774
0.000570 0.194394
0.000514 2.501954
0.002867 1.138430
0.005329 0.000000
0.000627 2.124430
0.001090 0.877531
0.002399 1.185411
0.001371 0.160962
0.006697 0.328061
0.005282 2.468522
0.001125 1.402640
0.002857 1.649768
0.002403 1.814857
0.002826 1.355243
0.005208 0.058809
0.001889 1.197887
0.000851 1.355243
0.001983 3.022738
0.000272 5.526183
0.002539 3.298001
0.004787 0.820345
0.008442 1.120535
0.001997 3.106164
0.002660 2.237297
0.004052 4.431990
0.002794 4.431990
0.001568 4.431990
0.004003 0.730171
0.000932 0.162198
0.002040 3.198050
0.001785 0.362865
0.001937 0.116640
0.006511 4.431990
0.003188 2.569474
0.001501 4.431990
0.002565 0.800677
0.007208 2.490691
0.006324 0.691139
0.001473 0.456128
0.002547 0.290026
0.000633 0.186863
0.002148 1.784616
0.002581 1.336134
0.001460 0.011084
0.001756 0.000000
0.003924 0.547127
0.002922 0.000000
0.000442 0.183130
0.003902 2.358547
0.006045 0.000000
0.003301 1.944696
0.000476 0.756595
0.003278 0.183130
0.003033 0.000000
0.005748 0.280198
0.002422 1.590151
0.004845 1.508375
0.004463 0.842433
0.002287 3.489272
0.003762 3.259877
0.001439 2.085500
0.001883 3.029658
0.001809 2.692593
0.000312 1.109730
0.002266 0.052659
0.001407 0.519068
0.002156 4.798251
0.002739 4.798251
0.002722 4.798251
0.002132 0.719203
0.002725 1.069503
0.004810 1.426452
0.001952 1.866592
0.006350 2.490691
0.001983 0.000000
0.000564 0.596041
0.001403 2.834783
0.002516 0.000000
0.003070 0.470604
0.001803 4.442821
0.004064 0.233194
0.006218 1.366074
0.002239 0.831993
0.003732 4.786913
0.005287 0.541089
0.001945 0.919690
0.000438 0.367080
0.000722 0.919690
0.003361 3.498938
0.000437 2.135260
0.002007 1.347425
0.004147 4.442821
0.004676 2.596772
0.003669 1.366074
0.000468 0.888361
0.001157 2.884383
0.004093 0.000000
0.001591 0.054235
0.002503 1.206541
0.003440 3.382160
0.002260 0.526054
0.000211 4.442821
0.001016 0.000000
0.003575 0.348337
0.000271 0.057095
0.001632 2.135260
0.002335 0.081971
0.004095 1.285373
0.004113 5.131005
0.004322 0.858751
0.002239 0.861720
0.004353 0.000000
0.001665 0.360516
0.001941 0.756629
0.004336 0.901762
0.001932 0.733291
0.003206 2.669484
0.003515 1.836151
0.001352 1.095324
0.000585 4.787421
0.002606 4.787421
0.002431 0.172300
0.005836 3.019652
0.003757 5.333415
0.005155 0.000000
0.003075 0.172300
0.005087 1.825371
0.004367 2.206635
0.004823 3.633640
0.004794 2.615011
0.000741 2.858668
0.004116 0.172300
0.000006 2.885050
0.003397 4.787421
0.005202 0.172300
0.005440 2.479860
0.000388 1.073410
0.000213 2.135768
0.002727 2.479860
0.004355 1.687730
0.007618 0.253061
0.000707 0.702630
0.007683 2.982133
0.001110 4.597454
0.000843 1.710674
