0.000082 1.351681
0.001771 1.870877
0.000314 0.901867
0.000387 0.541993
0.000390 3.104816
0.001879 0.541993
0.002333 0.996142
0.000384 1.669243
0.001459 2.038160
0.000405 1.836662
0.001443 0.483594
0.001154 4.055569
0.003093 1.340472
0.000272 2.439310
0.001663 0.848634
0.001101 4.417219
0.001821 4.417219
0.001507 3.108241
0.000983 1.704469
0.000526 0.925071
0.002428 0.097045
0.000078 0.188250
0.000025 2.070716
0.002457 4.803371
0.001401 0.131971
0.002197 0.791701
0.000526 0.678200
0.000042 2.200686
0.000808 0.165377
0.001867 4.426870
0.000528 5.115054
0.000403 0.734774
0.001200 6.763717
0.002479 4.807151
0.000122 1.155677
0.001717 0.192030
0.002561 1.227401
0.001043 1.634959
0.001672 3.262347
0.001248 4.423090
0.002274 0.414947
0.001286 2.122896
0.003916 0.249659
0.001798 3.795230
0.001171 3.772419
0.001336 0.333889
0.001478 2.636927
0.000052 0.281751
0.000675 0.161843
0.002698 4.453277
0.000309 1.668574
0.000074 1.465849
0.000585 2.914904
0.000384 0.202154
0.000841 1.014245
0.000003 2.615597
0.001220 1.199351
0.001301 4.444773
0.001096 2.531057
0.001972 0.240478
0.000866 1.754255
0.000905 4.805757
0.001203 4.805757
0.004099 2.569291
0.000543 2.106957
0.001105 0.213169
0.000046 4.424484
0.000913 1.772832
0.000694 5.112669
0.002473 0.963144
0.000522 4.424484
0.001365 3.115506
0.000014 2.266503
0.001566 0.457902
0.000303 1.633670
0.003655 2.052941
0.001316 2.342407
0.003743 3.843417
0.000715 5.368008
0.000504 5.510198
0.000202 1.371078
0.000536 1.290980
0.000033 2.445378
0.000550 7.617553
0.000362 2.444760
0.000664 2.556415
0.000577 1.118933
0.000470 0.450453
0.000979 0.379358
0.000445 2.829274
0.000169 2.485016
0.000819 1.581227
0.000799 3.382444
0.000910 0.062758
0.000982 1.340069
0.005216 2.557485
0.002007 0.883206
0.000001 1.369131
0.000681 0.996095
0.000211 0.510729
0.001545 1.528737
0.000586 0.841912
0.002556 3.125518
0.001202 4.437665
0.001306 1.927125
0.000023 1.733486
0.001443 0.029025
0.001323 4.809515
0.000366 5.153607
0.000535 2.534608
0.001349 1.232383
0.001118 1.375191
0.000292 0.636259
0.000276 4.650121
0.001862 2.951439
0.000627 1.181898
0.002793 1.567171
0.000164 2.490691
0.000396 4.798251
0.003981 0.593735
0.001608 2.490691
0.002262 0.703515
0.002218 2.665600
0.000259 1.721504
0.000644 4.798251
0.003296 0.534125
0.003321 0.068117
0.001564 0.092143
0.000903 3.257613
0.000213 2.529620
0.001786 0.018772
0.000283 0.414860
0.000438 1.061137
0.000701 4.787421
0.000571 2.054086
0.002242 4.787421
0.000754 2.225112
0.001081 0.356205
0.000280 2.941372
0.000781 0.995491
0.001851 4.787421
0.000261 0.401695
0.000466 2.479860
0.001349 1.451730
0.000607 1.739429
0.000447 0.209532
0.001662 5.131005
0.000849 4.442821
0.000011 0.153250
